<?xml version="1.0" encoding="UTF-8" ?>
<testsuite tests="4" failures="0" name="stempel.richard.Service.BoardServiceTest" time="16.117" errors="0" skipped="0">
  <properties>
[...]
</properties>
  <testcase classname="stempel.richard.Service.BoardServiceTest" name="testPersist" time="4.636"/>
  <testcase classname="stempel.richard.Service.BoardServiceTest" name="testFindById" time="3.581"/>
  <testcase classname="stempel.richard.Service.BoardServiceTest" name="testDelete" time="3.561"/>
  <testcase classname="stempel.richard.Service.BoardServiceTest" name="testUpdate" time="4.339"/>
</testsuite>